<?xml version="1.0" encoding="utf-8"?><testsuites name="pytest tests"><testsuite name="pytest" errors="0" failures="0" skipped="0" tests="42" time="203.330" timestamp="2026-08-21T01:31:35.345869+00:00" hostname="agent-env-b7e626c1-d365-4040-aeb3-98958859667b"><testcase classname="tests.test_connected_accounts.TestConnectedAccounts" name="test_full_crud_and_url_generation" time="2.340" /><testcase classname="tests.test_connected_accounts.TestConnectedAccounts" name="test_handle_with_at_prefix_is_stripped" time="0.572" /><testcase classname="tests.test_connected_accounts.TestConnectedAccounts" name="test_custom_channel_url_respected" time="0.536" /><testcase classname="tests.test_connected_accounts.TestConnectedAccounts" name="test_invalid_provider_422" time="0.511" /><testcase classname="tests.test_connected_accounts.TestConnectedAccounts" name="test_empty_username_422" time="0.511" /><testcase classname="tests.test_connected_accounts.TestConnectedAccounts" name="test_requires_auth" time="0.143" /><testcase classname="tests.test_connected_accounts.TestConnectedAccounts" name="test_accounts_are_per_user" time="1.074" /><testcase classname="tests.test_health_and_validation.TestRoomSettingsValidation" name="test_create_room_with_new_settings" time="0.559" /><testcase classname="tests.test_health_and_validation.TestRoomSettingsValidation" name="test_settings_defaults" time="0.445" /><testcase classname="tests.test_health_and_validation.TestRoomSettingsValidation" name="test_invalid_ranges_return_422" time="0.785" /><testcase classname="tests.test_health_and_validation.TestRoomSettingsValidation" name="test_invalid_role_distribution_400" time="0.462" /><testcase classname="tests.test_health_and_validation.TestRoomSettingsValidation" name="test_host_can_view_mafia_chat_bad_type_422" time="0.529" /><testcase classname="tests.test_mafia_discussion.TestMafiaDiscussion" name="test_phase_is_mafia_discussion" time="9.663" /><testcase classname="tests.test_mafia_discussion.TestMafiaDiscussion" name="test_role_distribution" time="0.000" /><testcase classname="tests.test_mafia_discussion.TestMafiaDiscussion" name="test_mafia_can_read_private_state" time="0.073" /><testcase classname="tests.test_mafia_discussion.TestMafiaDiscussion" name="test_non_mafia_forbidden_from_mafia_state" time="0.463" /><testcase classname="tests.test_mafia_discussion.TestMafiaDiscussion" name="test_mafia_message_flow" time="0.383" /><testcase classname="tests.test_mafia_discussion.TestMafiaDiscussion" name="test_non_mafia_cannot_send_mafia_message" time="0.266" /><testcase classname="tests.test_mafia_discussion.TestMafiaDiscussion" name="test_message_validation" time="0.164" /><testcase classname="tests.test_mafia_discussion.TestMafiaDiscussion" name="test_target_vote_valid_and_upsertable" time="0.282" /><testcase classname="tests.test_mafia_discussion.TestMafiaDiscussion" name="test_cannot_target_mafia_teammate" time="0.070" /><testcase classname="tests.test_mafia_discussion.TestMafiaDiscussion" name="test_cannot_target_self" time="0.062" /><testcase classname="tests.test_mafia_discussion.TestMafiaDiscussion" name="test_non_mafia_cannot_target_vote" time="0.289" /><testcase classname="tests.test_mafia_discussion.TestMafiaDiscussion" name="test_target_vote_unknown_target" time="0.075" /><testcase classname="tests.test_mafia_discussion.TestMafiaDiscussion" name="test_doctor_protect_rejected_during_mafia_discussion" time="0.063" /><testcase classname="tests.test_mafia_discussion.TestMafiaDiscussion" name="test_detective_investigate_rejected_during_mafia_discussion" time="0.068" /><testcase classname="tests.test_mafia_discussion.TestMafiaDiscussion" name="test_state_does_not_leak_roles_or_mafia_data" time="0.465" /><testcase classname="tests.test_mafia_discussion.TestMafiaDiscussion" name="test_non_member_cannot_read_state_or_mafia_state" time="0.565" /><testcase classname="tests.test_ws_mafia_privacy.TestWebSocketMafiaPrivacy" name="test_invalid_token_rejected" time="0.218" /><testcase classname="tests.test_host_viewer.TestHostViewerEnabled" name="test_host_can_read_mafia_state" time="8.478" /><testcase classname="tests.test_host_viewer.TestHostViewerEnabled" name="test_non_mafia_players_still_blocked" time="0.143" /><testcase classname="tests.test_host_viewer.TestHostViewerEnabled" name="test_host_can_post_into_mafia_chat" time="0.148" /><testcase classname="tests.test_host_viewer.TestHostViewerEnabled" name="test_host_observer_cannot_target_vote_unless_mafia" time="0.206" /><testcase classname="tests.test_ws_mafia_privacy.TestWebSocketMafiaPrivacy" name="test_mafia_events_only_reach_mafia_sockets" time="26.490" /><testcase classname="tests.test_host_viewer.TestHostViewerDisabled" name="test_non_mafia_host_blocked" time="7.644" /><testcase classname="tests.test_host_viewer.TestHostViewerDisabled" name="test_all_non_mafia_blocked" time="0.650" /><testcase classname="tests.test_game_flow.TestFullGameFlow" name="test_full_round_to_game_over" time="104.741" /><testcase classname="tests.test_ws_mafia_privacy.TestWebSocketMafiaPrivacy" name="test_non_member_cannot_subscribe_to_room" time="3.646" /><testcase classname="tests.test_health_and_validation.TestHealth" name="test_root" time="0.177" /><testcase classname="tests.test_health_and_validation.TestHealth" name="test_unauthenticated_rejected" time="0.191" /><testcase classname="tests.test_night_resolution.TestTieNoKill" name="test_split_mafia_votes_results_in_no_kill" time="35.936" /><testcase classname="tests.test_night_resolution.TestDoctorProtectSaves" name="test_protected_target_survives" time="35.496" /></testsuite></testsuites>